<?xml version="1.0" encoding="UTF-8" ?>
<testsuite failures="0" time="0.004" errors="0" skipped="0" tests="1" name="eionet.rdfexport.SortedPropertiesTest">
  <properties>
    <property name="java.runtime.name" value="Java(TM) SE Runtime Environment"/>
    <property name="sun.boot.library.path" value="C:\Program Files\Java\jdk1.7.0\jre\bin"/>
    <property name="java.vm.version" value="21.0-b17"/>
    <property name="java.vm.vendor" value="Oracle Corporation"/>
    <property name="java.vendor.url" value="http://java.oracle.com/"/>
    <property name="path.separator" value=";"/>
    <property name="java.vm.name" value="Java HotSpot(TM) 64-Bit Server VM"/>
    <property name="file.encoding.pkg" value="sun.io"/>
    <property name="user.script" value=""/>
    <property name="user.country" value="ES"/>
    <property name="sun.java.launcher" value="SUN_STANDARD"/>
    <property name="sun.os.patch.level" value=""/>
    <property name="java.vm.specification.name" value="Java Virtual Machine Specification"/>
    <property name="user.dir" value="C:\Users\norio\Documents\Java Projects\RDFExport"/>
    <property name="java.runtime.version" value="1.7.0-b147"/>
    <property name="java.awt.graphicsenv" value="sun.awt.Win32GraphicsEnvironment"/>
    <property name="basedir" value="C:\Users\norio\Documents\Java Projects\RDFExport"/>
    <property name="java.endorsed.dirs" value="C:\Program Files\Java\jdk1.7.0\jre\lib\endorsed"/>
    <property name="os.arch" value="amd64"/>
    <property name="surefire.real.class.path" value="C:\Users\norio\AppData\Local\Temp\surefirebooter8385646397495591663.jar"/>
    <property name="java.io.tmpdir" value="C:\Users\norio\AppData\Local\Temp\"/>
    <property name="line.separator" value="
"/>
    <property name="java.vm.specification.vendor" value="Oracle Corporation"/>
    <property name="user.variant" value=""/>
    <property name="os.name" value="Windows 7"/>
    <property name="sun.jnu.encoding" value="Cp1252"/>
    <property name="java.library.path" value="C:\Program Files\Java\jdk1.7.0\jre\bin;C:\Windows\Sun\Java\bin;C:\Windows\system32;C:\Windows;C:\Windows\system32;C:\Windows;C:\Windows\System32\Wbem;C:\Windows\System32\WindowsPowerShell\v1.0\;C:\Program Files (x86)\Microsoft SQL Server\100\Tools\Binn\;C:\Program Files\Microsoft SQL Server\100\Tools\Binn\;C:\Program Files\Microsoft SQL Server\100\DTS\Binn\;C:\Program Files (x86)\Microsoft SQL Server\100\Tools\Binn\VSShell\Common7\IDE\;C:\Program Files (x86)\Microsoft Visual Studio 9.0\Common7\IDE\PrivateAssemblies\;C:\Program Files (x86)\Microsoft SQL Server\100\DTS\Binn\;C:\Program Files\TortoiseSVN\bin;C:\Program Files (x86)\Common Files\Adobe\AGL;C:\Program Files\Calibre2\;c:\Program Files (x86)\Microsoft SQL Server\90\Tools\binn\;C:\gnuWin32\GetGnuWin32\gnuwin32\bin;C:\Program Files\Java\jdk1.7.0\bin;c:\Maven\bin;."/>
    <property name="surefire.test.class.path" value="C:\Users\norio\Documents\Java Projects\RDFExport\target\test-classes;C:\Users\norio\Documents\Java Projects\RDFExport\target\classes;C:\Users\norio\.m2\repository\junit\junit\4.11\junit-4.11.jar;C:\Users\norio\.m2\repository\org\hamcrest\hamcrest-core\1.3\hamcrest-core-1.3.jar;C:\Users\norio\.m2\repository\org\dbunit\dbunit\2.4.9\dbunit-2.4.9.jar;C:\Users\norio\.m2\repository\org\slf4j\slf4j-api\1.5.6\slf4j-api-1.5.6.jar;C:\Users\norio\.m2\repository\commons-collections\commons-collections\3.2.1\commons-collections-3.2.1.jar;C:\Users\norio\.m2\repository\com\h2database\h2\1.3.171\h2-1.3.171.jar;C:\Users\norio\.m2\repository\mysql\mysql-connector-mxj\5.0.12\mysql-connector-mxj-5.0.12.jar;C:\Users\norio\.m2\repository\mysql\mysql-connector-mxj-db-files\5.0.12\mysql-connector-mxj-db-files-5.0.12.jar;C:\Users\norio\.m2\repository\mysql\mysql-connector-java\5.1.17\mysql-connector-java-5.1.17.jar;C:\Users\norio\.m2\repository\org\slf4j\slf4j-log4j12\1.5.6\slf4j-log4j12-1.5.6.jar;C:\Users\norio\.m2\repository\log4j\log4j\1.2.14\log4j-1.2.14.jar;C:\Users\norio\.m2\repository\commons-io\commons-io\2.3\commons-io-2.3.jar;"/>
    <property name="java.specification.name" value="Java Platform API Specification"/>
    <property name="java.class.version" value="51.0"/>
    <property name="sun.management.compiler" value="HotSpot 64-Bit Tiered Compilers"/>
    <property name="os.version" value="6.1"/>
    <property name="user.home" value="C:\Users\norio"/>
    <property name="user.timezone" value="Europe/Paris"/>
    <property name="java.awt.printerjob" value="sun.awt.windows.WPrinterJob"/>
    <property name="java.specification.version" value="1.7"/>
    <property name="file.encoding" value="Cp1252"/>
    <property name="user.name" value="norio"/>
    <property name="java.class.path" value="C:\Users\norio\Documents\Java Projects\RDFExport\target\test-classes;C:\Users\norio\Documents\Java Projects\RDFExport\target\classes;C:\Users\norio\.m2\repository\junit\junit\4.11\junit-4.11.jar;C:\Users\norio\.m2\repository\org\hamcrest\hamcrest-core\1.3\hamcrest-core-1.3.jar;C:\Users\norio\.m2\repository\org\dbunit\dbunit\2.4.9\dbunit-2.4.9.jar;C:\Users\norio\.m2\repository\org\slf4j\slf4j-api\1.5.6\slf4j-api-1.5.6.jar;C:\Users\norio\.m2\repository\commons-collections\commons-collections\3.2.1\commons-collections-3.2.1.jar;C:\Users\norio\.m2\repository\com\h2database\h2\1.3.171\h2-1.3.171.jar;C:\Users\norio\.m2\repository\mysql\mysql-connector-mxj\5.0.12\mysql-connector-mxj-5.0.12.jar;C:\Users\norio\.m2\repository\mysql\mysql-connector-mxj-db-files\5.0.12\mysql-connector-mxj-db-files-5.0.12.jar;C:\Users\norio\.m2\repository\mysql\mysql-connector-java\5.1.17\mysql-connector-java-5.1.17.jar;C:\Users\norio\.m2\repository\org\slf4j\slf4j-log4j12\1.5.6\slf4j-log4j12-1.5.6.jar;C:\Users\norio\.m2\repository\log4j\log4j\1.2.14\log4j-1.2.14.jar;C:\Users\norio\.m2\repository\commons-io\commons-io\2.3\commons-io-2.3.jar;"/>
    <property name="java.vm.specification.version" value="1.7"/>
    <property name="sun.arch.data.model" value="64"/>
    <property name="java.home" value="C:\Program Files\Java\jdk1.7.0\jre"/>
    <property name="sun.java.command" value="C:\Users\norio\AppData\Local\Temp\surefirebooter8385646397495591663.jar C:\Users\norio\AppData\Local\Temp\surefire1965421286459906135tmp C:\Users\norio\AppData\Local\Temp\surefire1759566745525377481tmp"/>
    <property name="java.specification.vendor" value="Oracle Corporation"/>
    <property name="user.language" value="es"/>
    <property name="awt.toolkit" value="sun.awt.windows.WToolkit"/>
    <property name="java.vm.info" value="mixed mode"/>
    <property name="java.version" value="1.7.0"/>
    <property name="java.ext.dirs" value="C:\Program Files\Java\jdk1.7.0\jre\lib\ext;C:\Windows\Sun\Java\lib\ext"/>
    <property name="sun.boot.class.path" value="C:\Program Files\Java\jdk1.7.0\jre\lib\resources.jar;C:\Program Files\Java\jdk1.7.0\jre\lib\rt.jar;C:\Program Files\Java\jdk1.7.0\jre\lib\sunrsasign.jar;C:\Program Files\Java\jdk1.7.0\jre\lib\jsse.jar;C:\Program Files\Java\jdk1.7.0\jre\lib\jce.jar;C:\Program Files\Java\jdk1.7.0\jre\lib\charsets.jar;C:\Program Files\Java\jdk1.7.0\jre\classes"/>
    <property name="java.vendor" value="Oracle Corporation"/>
    <property name="localRepository" value="C:\Users\norio\.m2\repository"/>
    <property name="file.separator" value="\"/>
    <property name="java.vendor.url.bug" value="http://bugreport.sun.com/bugreport/"/>
    <property name="sun.cpu.endian" value="little"/>
    <property name="sun.io.unicode.encoding" value="UnicodeLittle"/>
    <property name="sun.desktop" value="windows"/>
    <property name="sun.cpu.isalist" value="amd64"/>
  </properties>
  <testcase time="0.004" classname="eionet.rdfexport.SortedPropertiesTest" name="simpleTest"/>
</testsuite>